[2019-12-04 07:39:40]
[message] Username_Duplicated_Exception
[server.time] 2019-12-04 07:39:40
[status] 403


[2019-12-04 07:40:08]
[message] Username_Duplicated_Exception
[server.time] 2019-12-04 07:40:08
[status] 403


[2019-12-04 07:43:02]
[message] Username_Duplicated_Exception
[server.time] 2019-12-04 07:43:02
[status] 403


[2019-12-04 07:45:09]
[message] Username_Duplicated_Exception
[server.time] 2019-12-04 07:45:09
[status] 403


[2019-12-04 07:46:47]
[message] User_Register_Success
[server.time] 2019-12-04 07:46:47
[status] 200


[2019-12-04 07:49:14]
[message] User_Register_Success
[server.time] 2019-12-04 07:49:14
[status] 200


[2019-12-04 07:50:18]
[message] User_Register_Success
[server.time] 2019-12-04 07:50:18
[status] 200


[2019-12-04 07:51:38]
[message] Message_not_success
[server.time] 2019-12-04 07:51:38
[status] 400


[2019-12-04 07:52:39]
[message] Message_not_success
[server.time] 2019-12-04 07:52:39
[status] 400


[2019-12-04 07:54:21]
[message] Message_not_success
[server.time] 2019-12-04 07:54:21
[status] 400


[2019-12-04 07:56:34]
[message] Anthenticate Failed
[server.time] 2019-12-04 07:56:34
[status] 403


[2019-12-04 07:58:12]
[message] Anthenticate Failed
[server.time] 2019-12-04 07:58:12
[status] 403


[2019-12-04 07:58:37]
[message] Anthenticate Failed
[server.time] 2019-12-04 07:58:37
[status] 403


[2019-12-04 07:58:56]
[message] Anthenticate Failed
[server.time] 2019-12-04 07:58:56
[status] 403


[2019-12-04 08:00:45]
[message] Anthenticate Failed
[server.time] 2019-12-04 08:00:45
[status] 403


[2019-12-04 08:29:08]
[message] Anthenticate Failed1
[server.time] 2019-12-04 08:29:08
[status] 403


[2019-12-04 08:30:32]
[message] Anthenticate Failed1
[server.time] 2019-12-04 08:30:32
[status] 403


[2019-12-04 08:31:16]
[message] Anthenticate Failed1
[server.time] 2019-12-04 08:31:16
[status] 403


[2019-12-04 08:32:46]
[message] Anthenticate Failed1
[server.time] 2019-12-04 08:32:46
[status] 403


[2019-12-04 08:33:28]
[message] Anthenticate Failed1
[server.time] 2019-12-04 08:33:28
[status] 403


[2019-12-04 08:35:22]
[message] Anthenticate Failed1
[server.time] 2019-12-04 08:35:22
[status] 403


[2019-12-04 08:37:36]
[message] Anthenticate Failed1
[server.time] 2019-12-04 08:37:36
[status] 403


[2019-12-04 08:38:27]
[message] Anthenticate Failed1
[server.time] 2019-12-04 08:38:27
[status] 403


[2019-12-04 08:38:56]
[usertype] Participant
[server.time] 2019-12-04 08:38:56
[status] 200
[token] ERAJMSLIYKMPWRIXMMZJIOTHOXIWVNPCPKYMWGSQWGJBHVSFTXLKURTRKBUDMGSC
[username] newuser


[2019-12-04 08:38:56]
[data] null
[server.time] 2019-12-04 08:38:56
[status] 200


[2019-12-04 08:39:06]
[usertype] Participant
[server.time] 2019-12-04 08:39:06
[status] 200
[token] VSGYUPGUHQFLOKWQBJQYBDZDVWMGVXLYYAEVLUBBFIHELNQMEDTDYIKGXWDMLFEN
[username] newuser


[2019-12-04 08:39:06]
[data] null
[server.time] 2019-12-04 08:39:06
[status] 200


[2019-12-04 08:39:28]
[usertype] Participant
[server.time] 2019-12-04 08:39:28
[status] 200
[token] EUIJJGCFHHOUDBYISXEZKTCCGFXNMSPWWLIFRJROWOPXMTQOCFESGOSTBZRYXNTT
[username] newuser


[2019-12-04 08:39:28]
[data] null
[server.time] 2019-12-04 08:39:28
[status] 200


[2019-12-04 08:43:07]
[usertype] Participant
[server.time] 2019-12-04 08:43:07
[status] 200
[token] ZSVKHNDXCLQRKYYVSYOXZRMQVQHHYVLJJTGBKJUPRBDVMDQTCZXFIIESZMYWYSPC
[username] newuser


[2019-12-04 08:43:07]
[data] null
[server.time] 2019-12-04 08:43:07
[status] 200


[2019-12-04 08:44:20]
[usertype] Participant
[server.time] 2019-12-04 08:44:20
[status] 200
[token] PDERJGBBQCNDRBDCEWNWZHFBSMNNELQTXJFLRSYNLSCMQBEVVTHGBCPVFPDYBRAB
[username] newuser


[2019-12-04 08:44:20]
[data] null
[server.time] 2019-12-04 08:44:20
[status] 200


[2019-12-04 08:44:50]
[usertype] Participant
[server.time] 2019-12-04 08:44:50
[status] 200
[token] SSJHGWUCEXGEWJKAFCBPEUKIGXTUUJBDSWJDAFZUHVZJLFLEGPGEMLYGPKVOEIEO
[username] newuser


[2019-12-04 08:44:50]
[data] null
[server.time] 2019-12-04 08:44:50
[status] 200


[2019-12-04 08:45:28]
[usertype] Participant
[server.time] 2019-12-04 08:45:28
[status] 200
[token] BFEYREKEIQQUUMCPOTLMIQGIJQBECRGKYIYLTYPXBLQBWFWPSENWLJEGTBGMIBEU
[username] newuser


[2019-12-04 08:45:28]
[data] null
[server.time] 2019-12-04 08:45:28
[status] 200


[2019-12-04 08:46:07]
[usertype] Participant
[server.time] 2019-12-04 08:46:07
[status] 200
[token] IMKGWKSYRPYGNCTYNIWOLCSRXHCHPGPKBUVMIEHNOBNFXCCSQWBEMBUQHQJFPGLK
[username] newuser


[2019-12-04 08:46:07]
[data] null
[server.time] 2019-12-04 08:46:07
[status] 200


[2019-12-04 08:47:30]
[usertype] Participant
[server.time] 2019-12-04 08:47:30
[status] 200
[token] THBHUEITVHUQPPXHMUJRCVNAVEBIUEVSYEFYMLAJTDXPORMQKVAKLHWNCMFSQWYH
[username] newuser


[2019-12-04 08:47:30]
[data] null
[server.time] 2019-12-04 08:47:30
[status] 200


[2019-12-04 08:49:39]
[usertype] Participant
[server.time] 2019-12-04 08:49:39
[status] 200
[token] GSXZIUDOTZTILOWXBOJIRKMTPNLFGLXXQFQNQKEJEMNDHKEFXCLSPYRMQTKSTCRX
[username] newuser


[2019-12-04 08:49:39]
[data] testroom=newuser
[server.time] 2019-12-04 08:49:39
[status] 200


[2019-12-04 08:50:44]
[usertype] Participant
[server.time] 2019-12-04 08:50:44
[status] 200
[token] QWKCSXHYZCJTJIMLJSRWQTTIGISLVJSNZOPMDICQABIVGQQXQFCFXRPOGYZPIMLE
[username] newuser


[2019-12-04 08:50:44]
[data] testroom=newuser
[server.time] 2019-12-04 08:50:44
[status] 200


[2019-12-04 08:50:56]
[message] Authentication Failed
[server.time] 2019-12-04 08:50:56
[status] 403


[2019-12-04 08:52:03]
[usertype] Participant
[server.time] 2019-12-04 08:52:03
[status] 200
[token] CFIBSXXKBTQQELWPKSHMUSKEVPFGFDBBKYMZLKCOQEFBQHSCDVGPMHTGIPGLZATI
[username] newuser


[2019-12-04 08:52:03]
[data] testroom=newuser
[server.time] 2019-12-04 08:52:03
[status] 200


[2019-12-04 08:52:17]
[message] Authentication Failed
[server.time] 2019-12-04 08:52:17
[status] 403


[2019-12-04 08:53:34]
[message] Anthenticate Failed1
[server.time] 2019-12-04 08:53:34
[status] 403


[2019-12-04 08:53:40]
[message] Anthenticate Failed1
[server.time] 2019-12-04 08:53:40
[status] 403


[2019-12-04 08:53:45]
[usertype] Participant
[server.time] 2019-12-04 08:53:45
[status] 200
[token] HFRFXOXXRNDVGGJMHWYDTTBPVBUOWJDYWYCCPPDSRIXGUGCSEJLPOJXOUNKAYEPJ
[username] newuser


[2019-12-04 08:53:45]
[data] testroom=newuser
[server.time] 2019-12-04 08:53:45
[status] 200


[2019-12-04 08:56:03]
[message] Authentication Failed
[server.time] 2019-12-04 08:56:03
[status] 403


[2019-12-04 08:58:10]
[usertype] Participant
[server.time] 2019-12-04 08:58:10
[status] 200
[token] FKFWLDTLKBQCKHVNKTWCOURHUCERHYZXTMDOYCMHBTOQBSUWMTKHSDGESKRLKMOE
[username] newuser


[2019-12-04 08:58:13]
[data] testroom=newuser
[server.time] 2019-12-04 08:58:13
[status] 200


[2019-12-04 08:58:34]
[message] Authentication Failed2
[server.time] 2019-12-04 08:58:34
[status] 403


[2019-12-04 09:00:26]
[usertype] Participant
[server.time] 2019-12-04 09:00:26
[status] 200
[token] EFKUUQZHSFMHVEAOWMVTGIBEUYVDWIQQTPVZTYOXYEJNDTGGORJFFEYOAPHFRANI
[username] newuser


[2019-12-04 09:00:27]
[data] testroom=newuser
[server.time] 2019-12-04 09:00:27
[status] 200


[2019-12-04 09:00:34]
[message] No Such Room
[server.time] 2019-12-04 09:00:34
[status] 402


[2019-12-04 09:02:11]
[usertype] Participant
[server.time] 2019-12-04 09:02:11
[status] 200
[token] RKQNVHUVHCYECBQXDOQYEYHJURXLFMXMEYTSXVWBGDTQMXKCPNEWLKJGYSLJFDFR
[username] newuser


[2019-12-04 09:02:11]
[data] testroom=newuser
[server.time] 2019-12-04 09:02:11
[status] 200


[2019-12-04 09:02:17]
[message] No Such Room
[server.time] 2019-12-04 09:02:17
[status] 402


[2019-12-04 09:03:35]
[usertype] Participant
[server.time] 2019-12-04 09:03:35
[status] 200
[token] CXEIBPIFRXAHIZRQYURBQOIGPVQTKRWKCJQBEMVBETVPUOLXSCJWWZWGWRKAQESK
[username] newuser


[2019-12-04 09:03:36]
[data] testroom=newuser
[server.time] 2019-12-04 09:03:36
[status] 200


[2019-12-04 09:03:43]
[message] No Such Room
[server.time] 2019-12-04 09:03:43
[status] 402


[2019-12-04 09:05:46]
[usertype] Participant
[server.time] 2019-12-04 09:05:46
[status] 200
[token] MKUVHSNTHULHKPQAOIGCHYZIFRUYNYOMRQDBVDISCLKOJFOQVLCJDJIMUXOCARFJ
[username] newuser


[2019-12-04 09:05:46]
[data] testroom=newuser
[server.time] 2019-12-04 09:05:46
[status] 200


[2019-12-04 09:05:48]
[message] Successfully Enter
[server.time] 2019-12-04 09:05:48
[status] 200


[2019-12-04 09:05:48]
[data] testroom=newuser
[server.time] 2019-12-04 09:05:48
[status] 200


[2019-12-04 09:05:55]
[message] Successfully Enter
[server.time] 2019-12-04 09:05:55
[status] 200


[2019-12-04 09:05:55]
[data] testroom=newuser
[server.time] 2019-12-04 09:05:55
[status] 200


[2019-12-04 09:06:37]
[message] Successfully Enter
[server.time] 2019-12-04 09:06:37
[status] 200


[2019-12-04 09:06:42]
[data] testroom=newuser
[server.time] 2019-12-04 09:06:42
[status] 200


[2019-12-04 09:07:17]
[usertype] Participant
[server.time] 2019-12-04 09:07:17
[status] 200
[token] PTLXJBOLWLWRNIZKWKMWYCGCDYTZNVOYQUSEFQTJPUXZTNGHINBADCJZKTTHBSPI
[username] newuser


[2019-12-04 09:07:21]
[data] testroom=newuser
[server.time] 2019-12-04 09:07:21
[status] 200


[2019-12-04 09:07:24]
[message] Successfully Enter
[server.time] 2019-12-04 09:07:24
[status] 200


[2019-12-04 09:07:24]
[message] No Such Room
[server.time] 2019-12-04 09:07:24
[status] 402


[2019-12-04 09:07:36]
[message] Successfully Sent
[server.time] 2019-12-04 09:07:36
[status] 200


