[2019-12-11 07:39:50]
[map]
[password]=admin
[method]=POST
[username]=admin

[2019-12-11 07:39:51]
[response]
status=200&token=NNQJTEDDXTRYMHGDCXDDUPIBCIUGXHTTYAXOOWFCNFPKYCHBHKWYTLAIHSIOVEMQ&username=admin&usertype=Admin
[2019-12-11 07:39:51]
[map]
[method]=GET

[2019-12-11 07:39:51]
[response] java.io.BufferedReader@3b9a45b3
[2019-12-11 07:39:59]
[map]
[method]=POST
[roomid]=1223
[username]=admin
[token]=NNQJTEDDXTRYMHGDCXDDUPIBCIUGXHTTYAXOOWFCNFPKYCHBHKWYTLAIHSIOVEMQ

[2019-12-11 07:40:02]
[response]
status=200&message=Done
[2019-12-11 07:40:02]
[map]
[method]=GET

[2019-12-11 07:40:02]
[response] java.io.BufferedReader@7699a589
[2019-12-11 07:40:14]
[map]
[method]=POST
[roomid]=1223
[username]=admin
[token]=NNQJTEDDXTRYMHGDCXDDUPIBCIUGXHTTYAXOOWFCNFPKYCHBHKWYTLAIHSIOVEMQ

[2019-12-11 07:40:14]
[response]
status=402&message=No+Such+Room
[2019-12-11 07:40:14]
[map]
[method]=GET

[2019-12-11 07:40:14]
[response] java.io.BufferedReader@58372a00
[2019-12-11 07:41:41]
[map]
[password]=newuser
[method]=POST
[username]=newuser

[2019-12-11 07:41:41]
[response]
status=403&message=Anthenticate+Failed
[2019-12-11 07:41:46]
[map]
[password]=test
[method]=POST
[username]=test

[2019-12-11 07:41:49]
[response]
status=403&message=Anthenticate+Failed
[2019-12-11 07:41:54]
[map]
[password]=test
[method]=POST
[username]=test

[2019-12-11 07:41:57]
[response]
status=403&message=Anthenticate+Failed
[2019-12-11 07:43:01]
[map]
[password]=open
[method]=POST
[phone]=open
[email]=open
[username]=open

[2019-12-11 07:43:04]
[response]
status=403&message=Username_Duplicated_Exception
[2019-12-11 07:43:29]
[map]
[password]=open
[method]=POST
[phone]=open
[email]=open
[username]=open

[2019-12-11 07:43:33]
[response]
status=403&message=Username_Duplicated_Exception
[2019-12-11 07:44:15]
[map]
[password]=test
[method]=POST
[username]=test

[2019-12-11 07:44:15]
[response]
status=200&token=PPRAMDWTKKHUZNEFNPMGPYFPEWUKUUGCUMUCBOEGJERQBVHJBNSWVANOFYERNJGM&username=test&usertype=Participant
[2019-12-11 07:44:15]
[map]
[method]=GET

[2019-12-11 07:44:15]
[response] java.io.BufferedReader@3b9a45b3
[2019-12-11 07:44:26]
[map]
[method]=POST
[roomid]=testroom
[username]=test
[token]=PPRAMDWTKKHUZNEFNPMGPYFPEWUKUUGCUMUCBOEGJERQBVHJBNSWVANOFYERNJGM

[2019-12-11 07:44:26]
[response]
status=200&message=Done
[2019-12-11 07:44:26]
[map]
[method]=GET

[2019-12-11 07:44:26]
[response] java.io.BufferedReader@7699a589
[2019-12-11 07:44:28]
[map]
[method]=POST
[roomid]=testroom
[username]=test
[token]=PPRAMDWTKKHUZNEFNPMGPYFPEWUKUUGCUMUCBOEGJERQBVHJBNSWVANOFYERNJGM

[2019-12-11 07:44:28]
[response]
status=200&message=Successfully+Enter
[2019-12-11 07:44:28]
[map]
[method]=POST
[roomid]=testroom
[last_key]=null
[username]=test
[token]=PPRAMDWTKKHUZNEFNPMGPYFPEWUKUUGCUMUCBOEGJERQBVHJBNSWVANOFYERNJGM

[2019-12-11 07:44:28]
[response]
status=200&data=
[2019-12-11 07:44:29]
[map]
[method]=POST
[roomid]=testroom
[last_key]=null
[username]=test
[token]=PPRAMDWTKKHUZNEFNPMGPYFPEWUKUUGCUMUCBOEGJERQBVHJBNSWVANOFYERNJGM

[2019-12-11 07:44:29]
[response]
status=200&data=
[2019-12-11 07:44:29]
[map]
[method]=POST
[roomid]=testroom
[last_key]=null
[username]=test
[token]=PPRAMDWTKKHUZNEFNPMGPYFPEWUKUUGCUMUCBOEGJERQBVHJBNSWVANOFYERNJGM

[2019-12-11 07:44:29]
[response]
status=200&data=
[2019-12-11 07:44:30]
[map]
[method]=POST
[roomid]=testroom
[last_key]=null
[username]=test
[token]=PPRAMDWTKKHUZNEFNPMGPYFPEWUKUUGCUMUCBOEGJERQBVHJBNSWVANOFYERNJGM

[2019-12-11 07:44:30]
[response]
status=200&data=
[2019-12-11 07:44:30]
[map]
[method]=POST
[roomid]=testroom
[last_key]=null
[username]=test
[token]=PPRAMDWTKKHUZNEFNPMGPYFPEWUKUUGCUMUCBOEGJERQBVHJBNSWVANOFYERNJGM

[2019-12-11 07:44:30]
[response]
status=200&data=
[2019-12-11 07:44:31]
[map]
[method]=POST
[roomid]=testroom
[last_key]=null
[username]=test
[token]=PPRAMDWTKKHUZNEFNPMGPYFPEWUKUUGCUMUCBOEGJERQBVHJBNSWVANOFYERNJGM

[2019-12-11 07:44:31]
[response]
status=200&data=
[2019-12-11 07:44:31]
[map]
[method]=POST
[message]=sd
[roomid]=testroom
[username]=test
[token]=PPRAMDWTKKHUZNEFNPMGPYFPEWUKUUGCUMUCBOEGJERQBVHJBNSWVANOFYERNJGM

[2019-12-11 07:44:31]
[response]
status=200&message=Successfully+Sent
[2019-12-11 07:44:31]
[map]
[method]=POST
[roomid]=testroom
[last_key]=null
[username]=test
[token]=PPRAMDWTKKHUZNEFNPMGPYFPEWUKUUGCUMUCBOEGJERQBVHJBNSWVANOFYERNJGM

[2019-12-11 07:44:31]
[response]
status=200&data=2019-12-11+07%3A44%3A31%3D%5Btest%5D%3A+sd
[2019-12-11 07:44:32]
[map]
[method]=POST
[roomid]=testroom
[last_key]=2019-12-11 07:44:31
[username]=test
[token]=PPRAMDWTKKHUZNEFNPMGPYFPEWUKUUGCUMUCBOEGJERQBVHJBNSWVANOFYERNJGM

[2019-12-11 07:44:32]
[response]
status=200&data=
[2019-12-11 07:44:32]
[map]
[method]=POST
[roomid]=testroom
[last_key]=2019-12-11 07:44:31
[username]=test
[token]=PPRAMDWTKKHUZNEFNPMGPYFPEWUKUUGCUMUCBOEGJERQBVHJBNSWVANOFYERNJGM

[2019-12-11 07:44:32]
[response]
status=200&data=
[2019-12-11 07:44:33]
[map]
[method]=POST
[roomid]=testroom
[last_key]=2019-12-11 07:44:31
[username]=test
[token]=PPRAMDWTKKHUZNEFNPMGPYFPEWUKUUGCUMUCBOEGJERQBVHJBNSWVANOFYERNJGM

[2019-12-11 07:44:33]
[response]
status=200&data=
[2019-12-11 07:44:33]
[map]
[method]=POST
[roomid]=testroom
[last_key]=2019-12-11 07:44:31
[username]=test
[token]=PPRAMDWTKKHUZNEFNPMGPYFPEWUKUUGCUMUCBOEGJERQBVHJBNSWVANOFYERNJGM

[2019-12-11 07:44:33]
[response]
status=200&data=
[2019-12-11 07:44:34]
[map]
[method]=POST
[roomid]=testroom
[last_key]=2019-12-11 07:44:31
[username]=test
[token]=PPRAMDWTKKHUZNEFNPMGPYFPEWUKUUGCUMUCBOEGJERQBVHJBNSWVANOFYERNJGM

[2019-12-11 07:44:34]
[response]
status=200&data=
[2019-12-11 07:44:35]
[map]
[method]=POST
[roomid]=testroom
[last_key]=2019-12-11 07:44:31
[username]=test
[token]=PPRAMDWTKKHUZNEFNPMGPYFPEWUKUUGCUMUCBOEGJERQBVHJBNSWVANOFYERNJGM

[2019-12-11 07:44:35]
[response]
status=200&data=
[2019-12-11 07:44:35]
[map]
[method]=POST
[roomid]=testroom
[last_key]=2019-12-11 07:44:31
[username]=test
[token]=PPRAMDWTKKHUZNEFNPMGPYFPEWUKUUGCUMUCBOEGJERQBVHJBNSWVANOFYERNJGM

[2019-12-11 07:44:35]
[response]
status=200&data=
[2019-12-11 07:44:35]
[map]
[method]=POST
[username]=test
[token]=PPRAMDWTKKHUZNEFNPMGPYFPEWUKUUGCUMUCBOEGJERQBVHJBNSWVANOFYERNJGM

[2019-12-11 07:44:35]
[response]
status=200&message=OK
[2019-12-11 07:44:46]
[map]
[password]=admin
[method]=POST
[username]=admin

[2019-12-11 07:44:46]
[response]
status=200&token=SDGWIZRWGXKKLJKTITGFLKVPVJCNGFUGQYYOOMUDGMTSPRIHUQGXIOMMVMAKQQUW&username=admin&usertype=Admin
[2019-12-11 07:44:46]
[map]
[method]=GET

[2019-12-11 07:44:46]
[response] java.io.BufferedReader@6062e62a
[2019-12-11 07:44:54]
[map]
[method]=POST
[roomid]=testroom
[username]=admin
[token]=SDGWIZRWGXKKLJKTITGFLKVPVJCNGFUGQYYOOMUDGMTSPRIHUQGXIOMMVMAKQQUW

[2019-12-11 07:44:58]
[response]
status=200&message=Successfully+Enter
[2019-12-11 07:44:58]
[map]
[method]=POST
[roomid]=testroom
[last_key]=2019-12-11 07:44:31
[username]=admin
[token]=SDGWIZRWGXKKLJKTITGFLKVPVJCNGFUGQYYOOMUDGMTSPRIHUQGXIOMMVMAKQQUW

[2019-12-11 07:44:58]
[response]
status=402&message=No+Such+Room+or+user+not+in+this+room
[2019-12-11 07:45:21]
[map]
[method]=POST
[roomid]=testroom
[username]=admin
[token]=SDGWIZRWGXKKLJKTITGFLKVPVJCNGFUGQYYOOMUDGMTSPRIHUQGXIOMMVMAKQQUW

[2019-12-11 07:45:24]
[response]
status=200&message=Successfully+Quit
[2019-12-11 07:45:41]
[map]
[password]=admin
[method]=POST
[username]=admin

[2019-12-11 07:45:44]
[response]
status=403&message=Anthenticate+Failed
[2019-12-11 07:46:15]
[map]
[password]=admin
[method]=POST
[username]=admin

[2019-12-11 07:46:15]
[response]
status=200&token=TDEPTRCNDHJBPBQHIVAMXMTGGESFRMSULJMNKLHVVTYHVOGIFEWIPNDBTCSEISQM&username=admin&usertype=Admin
[2019-12-11 07:46:15]
[map]
[method]=GET

[2019-12-11 07:46:15]
[response] java.io.BufferedReader@3b9a45b3
[2019-12-11 07:46:17]
[map]
[method]=POST
[roomid]=roomtest
[username]=admin
[token]=TDEPTRCNDHJBPBQHIVAMXMTGGESFRMSULJMNKLHVVTYHVOGIFEWIPNDBTCSEISQM

[2019-12-11 07:46:17]
[response]
status=402&message=No+Such+Room
[2019-12-11 07:46:17]
[map]
[method]=GET

[2019-12-11 07:46:17]
[response] java.io.BufferedReader@7699a589
[2019-12-11 07:46:20]
[map]
[method]=POST
[roomid]=testroom
[username]=admin
[token]=TDEPTRCNDHJBPBQHIVAMXMTGGESFRMSULJMNKLHVVTYHVOGIFEWIPNDBTCSEISQM

[2019-12-11 07:46:23]
[response]
status=200&message=Successfully+Enter
[2019-12-11 07:46:23]
[map]
[method]=POST
[roomid]=testroom
[last_key]=null
[username]=admin
[token]=TDEPTRCNDHJBPBQHIVAMXMTGGESFRMSULJMNKLHVVTYHVOGIFEWIPNDBTCSEISQM

[2019-12-11 07:46:23]
[response]
status=402&message=No+Such+Room+or+user+not+in+this+room
[2019-12-11 07:54:47]
[map]
[method]=POST
[roomid]=testroom
[username]=admin
[token]=TDEPTRCNDHJBPBQHIVAMXMTGGESFRMSULJMNKLHVVTYHVOGIFEWIPNDBTCSEISQM

[2019-12-11 07:54:50]
[response]
status=200&message=Successfully+Quit
[2019-12-11 07:55:09]
[map]
[password]=admin
[method]=POST
[username]=admin

[2019-12-11 07:55:10]
[response]
status=200&token=IKVGNYLVFHFGXSNPDORSCEBXCROYKKKWHGKJTMEWQYIHVFOLJLOTNIERHBPOMLWX&username=admin&usertype=Admin
[2019-12-11 07:55:10]
[map]
[method]=GET

[2019-12-11 07:55:10]
[response] java.io.BufferedReader@3b9a45b3
[2019-12-11 07:55:12]
[map]
[method]=POST
[roomid]=testroom
[username]=admin
[token]=IKVGNYLVFHFGXSNPDORSCEBXCROYKKKWHGKJTMEWQYIHVFOLJLOTNIERHBPOMLWX

[2019-12-11 07:55:13]
[response]
status=200&message=Successfully+Enter
[2019-12-11 07:55:13]
[map]
[method]=POST
[roomid]=testroom
[last_key]=null
[username]=admin
[token]=IKVGNYLVFHFGXSNPDORSCEBXCROYKKKWHGKJTMEWQYIHVFOLJLOTNIERHBPOMLWX

[2019-12-11 07:55:13]
[response]
status=200&data=2019-12-11+07%3A44%3A31%3D%5Btest%5D%3A+sd
[2019-12-11 07:55:13]
[map]
[method]=POST
[roomid]=testroom
[last_key]=2019-12-11 07:44:31
[username]=admin
[token]=IKVGNYLVFHFGXSNPDORSCEBXCROYKKKWHGKJTMEWQYIHVFOLJLOTNIERHBPOMLWX

[2019-12-11 07:55:13]
[response]
status=200&data=
[2019-12-11 07:55:14]
[map]
[method]=POST
[roomid]=testroom
[last_key]=2019-12-11 07:44:31
[username]=admin
[token]=IKVGNYLVFHFGXSNPDORSCEBXCROYKKKWHGKJTMEWQYIHVFOLJLOTNIERHBPOMLWX

[2019-12-11 07:55:14]
[response]
status=200&data=
[2019-12-11 07:55:14]
[map]
[method]=POST
[roomid]=testroom
[last_key]=2019-12-11 07:44:31
[username]=admin
[token]=IKVGNYLVFHFGXSNPDORSCEBXCROYKKKWHGKJTMEWQYIHVFOLJLOTNIERHBPOMLWX

[2019-12-11 07:55:14]
[response]
status=200&data=
[2019-12-11 07:55:15]
[map]
[method]=POST
[roomid]=testroom
[last_key]=2019-12-11 07:44:31
[username]=admin
[token]=IKVGNYLVFHFGXSNPDORSCEBXCROYKKKWHGKJTMEWQYIHVFOLJLOTNIERHBPOMLWX

[2019-12-11 07:55:15]
[response]
status=200&data=
[2019-12-11 07:55:15]
[map]
[method]=POST
[roomid]=testroom
[last_key]=2019-12-11 07:44:31
[username]=admin
[token]=IKVGNYLVFHFGXSNPDORSCEBXCROYKKKWHGKJTMEWQYIHVFOLJLOTNIERHBPOMLWX

[2019-12-11 07:55:15]
[response]
status=200&data=
[2019-12-11 07:55:16]
[map]
[method]=POST
[roomid]=testroom
[last_key]=2019-12-11 07:44:31
[username]=admin
[token]=IKVGNYLVFHFGXSNPDORSCEBXCROYKKKWHGKJTMEWQYIHVFOLJLOTNIERHBPOMLWX

[2019-12-11 07:55:16]
[response]
status=200&data=
[2019-12-11 07:55:16]
[map]
[method]=POST
[roomid]=testroom
[last_key]=2019-12-11 07:44:31
[username]=admin
[token]=IKVGNYLVFHFGXSNPDORSCEBXCROYKKKWHGKJTMEWQYIHVFOLJLOTNIERHBPOMLWX

[2019-12-11 07:55:16]
[response]
status=200&data=
[2019-12-11 07:55:17]
[map]
[method]=POST
[roomid]=testroom
[username]=admin
[token]=IKVGNYLVFHFGXSNPDORSCEBXCROYKKKWHGKJTMEWQYIHVFOLJLOTNIERHBPOMLWX

[2019-12-11 07:55:17]
[response]
status=200&message=Done
[2019-12-11 07:55:17]
[map]
[method]=POST
[roomid]=testroom
[username]=admin
[token]=IKVGNYLVFHFGXSNPDORSCEBXCROYKKKWHGKJTMEWQYIHVFOLJLOTNIERHBPOMLWX

[2019-12-11 07:55:17]
[response]
status=402&message=No+Such+Room
[2019-12-11 07:55:31]
[map]
[password]=admin
[method]=POST
[username]=admin

[2019-12-11 07:55:31]
[response]
status=200&token=LOIBGGKASQFDRWUBFKQKCFOHCAJDPVSGPTKNVZIXXBKQNNYSNNEFUBQHWYOHQUOB&username=admin&usertype=Admin
[2019-12-11 07:55:31]
[map]
[method]=GET

[2019-12-11 07:55:31]
[response] java.io.BufferedReader@3b9a45b3
[2019-12-11 07:55:36]
[map]
[method]=POST
[roomid]=ddd
[username]=admin
[token]=LOIBGGKASQFDRWUBFKQKCFOHCAJDPVSGPTKNVZIXXBKQNNYSNNEFUBQHWYOHQUOB

[2019-12-11 07:55:37]
[response]
status=200&message=Done
[2019-12-11 07:55:37]
[map]
[method]=GET

[2019-12-11 07:55:37]
[response] java.io.BufferedReader@7699a589
[2019-12-11 07:55:40]
[map]
[method]=POST
[roomid]=ddd
[username]=admin
[token]=LOIBGGKASQFDRWUBFKQKCFOHCAJDPVSGPTKNVZIXXBKQNNYSNNEFUBQHWYOHQUOB

[2019-12-11 07:55:40]
[response]
status=200&message=Successfully+Enter
[2019-12-11 07:55:40]
[map]
[method]=POST
[roomid]=ddd
[last_key]=null
[username]=admin
[token]=LOIBGGKASQFDRWUBFKQKCFOHCAJDPVSGPTKNVZIXXBKQNNYSNNEFUBQHWYOHQUOB

[2019-12-11 07:55:40]
[response]
status=200&data=
[2019-12-11 07:55:41]
[map]
[method]=POST
[roomid]=ddd
[last_key]=null
[username]=admin
[token]=LOIBGGKASQFDRWUBFKQKCFOHCAJDPVSGPTKNVZIXXBKQNNYSNNEFUBQHWYOHQUOB

[2019-12-11 07:55:41]
[response]
status=200&data=
[2019-12-11 07:55:41]
[map]
[method]=POST
[roomid]=ddd
[last_key]=null
[username]=admin
[token]=LOIBGGKASQFDRWUBFKQKCFOHCAJDPVSGPTKNVZIXXBKQNNYSNNEFUBQHWYOHQUOB

[2019-12-11 07:55:41]
[response]
status=200&data=
[2019-12-11 07:55:42]
[map]
[method]=POST
[roomid]=ddd
[last_key]=null
[username]=admin
[token]=LOIBGGKASQFDRWUBFKQKCFOHCAJDPVSGPTKNVZIXXBKQNNYSNNEFUBQHWYOHQUOB

[2019-12-11 07:55:42]
[response]
status=200&data=
[2019-12-11 07:55:42]
[map]
[method]=POST
[roomid]=ddd
[last_key]=null
[username]=admin
[token]=LOIBGGKASQFDRWUBFKQKCFOHCAJDPVSGPTKNVZIXXBKQNNYSNNEFUBQHWYOHQUOB

[2019-12-11 07:55:42]
[response]
status=200&data=
[2019-12-11 07:55:42]
[map]
[method]=POST
[roomid]=ddd
[username]=admin
[token]=LOIBGGKASQFDRWUBFKQKCFOHCAJDPVSGPTKNVZIXXBKQNNYSNNEFUBQHWYOHQUOB

[2019-12-11 07:55:43]
[response]
status=200&message=Done
[2019-12-11 07:55:43]
[map]
[method]=POST
[roomid]=ddd
[username]=admin
[token]=LOIBGGKASQFDRWUBFKQKCFOHCAJDPVSGPTKNVZIXXBKQNNYSNNEFUBQHWYOHQUOB

[2019-12-11 07:55:43]
[response]
status=402&message=No+Such+Room
[2019-12-11 07:59:06]
[map]
[password]=admin
[method]=POST
[username]=admin

[2019-12-11 07:59:06]
[response]
status=200&token=WCNBVNXWXGTMFURTTBUNAHSKBZQLPOOHQINSYPAEWFYUELRKSRSORCEXKFNTNJKT&username=admin&usertype=Admin
[2019-12-11 07:59:06]
[map]
[method]=GET

[2019-12-11 07:59:06]
[response] java.io.BufferedReader@3b9a45b3
[2019-12-11 07:59:09]
[map]
[method]=POST
[roomid]=aa
[username]=admin
[token]=WCNBVNXWXGTMFURTTBUNAHSKBZQLPOOHQINSYPAEWFYUELRKSRSORCEXKFNTNJKT

[2019-12-11 07:59:09]
[response]
status=403&message=Admin_Create_Room_Not_Allow
[2019-12-11 07:59:09]
[map]
[method]=GET

[2019-12-11 07:59:09]
[response] java.io.BufferedReader@7699a589
[2019-12-11 08:00:58]
[map]
[password]=admin
[method]=POST
[username]=admin

[2019-12-11 08:00:58]
[response]
status=200&token=BOVHRKHPWLKXIEULACTZBFHYFYWJXQIYSBPILYGOLCKKXZBNUOYKYIGUDOHQBGJB&username=admin&usertype=Admin
[2019-12-11 08:00:58]
[map]
[method]=GET

[2019-12-11 08:00:58]
[response] java.io.BufferedReader@3b9a45b3
[2019-12-11 08:01:00]
[map]
[method]=POST
[roomid]=a
[username]=admin
[token]=BOVHRKHPWLKXIEULACTZBFHYFYWJXQIYSBPILYGOLCKKXZBNUOYKYIGUDOHQBGJB

[2019-12-11 08:01:00]
[response]
status=403&message=Admin_Create_Room_Not_Allow
[2019-12-11 08:01:00]
[map]
[method]=GET

[2019-12-11 08:01:00]
[response] java.io.BufferedReader@7699a589
[2019-12-11 08:01:04]
[map]
[method]=POST
[roomid]=as
[username]=admin
[token]=BOVHRKHPWLKXIEULACTZBFHYFYWJXQIYSBPILYGOLCKKXZBNUOYKYIGUDOHQBGJB

[2019-12-11 08:01:04]
[response]
status=402&message=No+Such+Room
[2019-12-11 08:01:04]
[map]
[method]=GET

[2019-12-11 08:01:04]
[response] java.io.BufferedReader@58372a00
